mode: set
github.com/chienha0903/Todo_App/services/todos/internal/domain/service/output.go:8.43,19.22 2 1
github.com/chienha0903/Todo_App/services/todos/internal/domain/service/output.go:19.22,22.3 2 1
github.com/chienha0903/Todo_App/services/todos/internal/domain/service/output.go:23.2,23.12 1 1
github.com/chienha0903/Todo_App/services/todos/internal/domain/service/output.go:26.56,28.29 2 1
github.com/chienha0903/Todo_App/services/todos/internal/domain/service/output.go:28.29,30.3 1 1
github.com/chienha0903/Todo_App/services/todos/internal/domain/service/output.go:31.2,31.12 1 1
github.com/chienha0903/Todo_App/services/todos/internal/domain/service/todo_creater.go:19.79,21.2 1 1
github.com/chienha0903/Todo_App/services/todos/internal/domain/service/todo_creater.go:23.107,25.16 2 1
github.com/chienha0903/Todo_App/services/todos/internal/domain/service/todo_creater.go:25.16,27.3 1 1
github.com/chienha0903/Todo_App/services/todos/internal/domain/service/todo_creater.go:29.2,29.54 1 1
github.com/chienha0903/Todo_App/services/todos/internal/domain/service/todo_creater.go:29.54,31.3 1 1
github.com/chienha0903/Todo_App/services/todos/internal/domain/service/todo_creater.go:33.2,34.18 2 1
github.com/chienha0903/Todo_App/services/todos/internal/domain/service/todo_creater.go:37.93,39.16 2 1
github.com/chienha0903/Todo_App/services/todos/internal/domain/service/todo_creater.go:39.16,41.3 1 1
github.com/chienha0903/Todo_App/services/todos/internal/domain/service/todo_creater.go:43.2,44.16 2 1
github.com/chienha0903/Todo_App/services/todos/internal/domain/service/todo_creater.go:44.16,46.3 1 0
github.com/chienha0903/Todo_App/services/todos/internal/domain/service/todo_creater.go:48.2,49.16 2 1
github.com/chienha0903/Todo_App/services/todos/internal/domain/service/todo_creater.go:49.16,51.3 1 1
github.com/chienha0903/Todo_App/services/todos/internal/domain/service/todo_creater.go:53.2,54.16 2 1
github.com/chienha0903/Todo_App/services/todos/internal/domain/service/todo_creater.go:54.16,56.3 1 0
github.com/chienha0903/Todo_App/services/todos/internal/domain/service/todo_creater.go:58.2,67.8 1 1
github.com/chienha0903/Todo_App/services/todos/internal/domain/service/todo_creater.go:70.72,71.18 1 1
github.com/chienha0903/Todo_App/services/todos/internal/domain/service/todo_creater.go:71.18,73.3 1 1
github.com/chienha0903/Todo_App/services/todos/internal/domain/service/todo_creater.go:75.2,76.16 2 1
github.com/chienha0903/Todo_App/services/todos/internal/domain/service/todo_creater.go:76.16,78.3 1 0
github.com/chienha0903/Todo_App/services/todos/internal/domain/service/todo_creater.go:79.2,79.22 1 1
github.com/chienha0903/Todo_App/services/todos/internal/domain/service/todo_deleter.go:16.79,18.2 1 1
github.com/chienha0903/Todo_App/services/todos/internal/domain/service/todo_deleter.go:20.84,22.2 1 1
github.com/chienha0903/Todo_App/services/todos/internal/domain/service/todo_getter.go:17.75,19.2 1 1
github.com/chienha0903/Todo_App/services/todos/internal/domain/service/todo_getter.go:21.99,23.16 2 1
github.com/chienha0903/Todo_App/services/todos/internal/domain/service/todo_getter.go:23.16,25.3 1 1
github.com/chienha0903/Todo_App/services/todos/internal/domain/service/todo_getter.go:26.2,27.18 2 1
github.com/chienha0903/Todo_App/services/todos/internal/domain/service/todo_lister.go:17.75,19.2 1 1
github.com/chienha0903/Todo_App/services/todos/internal/domain/service/todo_lister.go:21.101,23.16 2 1
github.com/chienha0903/Todo_App/services/todos/internal/domain/service/todo_lister.go:23.16,25.3 1 1
github.com/chienha0903/Todo_App/services/todos/internal/domain/service/todo_lister.go:26.2,26.30 1 1
github.com/chienha0903/Todo_App/services/todos/internal/domain/service/todo_updater.go:23.27,25.2 1 1
github.com/chienha0903/Todo_App/services/todos/internal/domain/service/todo_updater.go:30.32,32.16 2 1
github.com/chienha0903/Todo_App/services/todos/internal/domain/service/todo_updater.go:32.16,34.3 1 1
github.com/chienha0903/Todo_App/services/todos/internal/domain/service/todo_updater.go:36.2,36.51 1 1
github.com/chienha0903/Todo_App/services/todos/internal/domain/service/todo_updater.go:36.51,38.3 1 1
github.com/chienha0903/Todo_App/services/todos/internal/domain/service/todo_updater.go:40.2,42.54 2 1
github.com/chienha0903/Todo_App/services/todos/internal/domain/service/todo_updater.go:42.54,44.3 1 1
github.com/chienha0903/Todo_App/services/todos/internal/domain/service/todo_updater.go:46.2,47.18 2 1
github.com/chienha0903/Todo_App/services/todos/internal/domain/service/todo_updater.go:50.75,53.20 2 1
github.com/chienha0903/Todo_App/services/todos/internal/domain/service/todo_updater.go:53.20,55.17 2 1
github.com/chienha0903/Todo_App/services/todos/internal/domain/service/todo_updater.go:55.17,57.4 1 0
github.com/chienha0903/Todo_App/services/todos/internal/domain/service/todo_updater.go:60.2,60.26 1 1
github.com/chienha0903/Todo_App/services/todos/internal/domain/service/todo_updater.go:60.26,62.17 2 0
github.com/chienha0903/Todo_App/services/todos/internal/domain/service/todo_updater.go:62.17,64.4 1 0
github.com/chienha0903/Todo_App/services/todos/internal/domain/service/todo_updater.go:67.2,67.23 1 1
github.com/chienha0903/Todo_App/services/todos/internal/domain/service/todo_updater.go:67.23,69.17 2 1
github.com/chienha0903/Todo_App/services/todos/internal/domain/service/todo_updater.go:69.17,71.4 1 1
github.com/chienha0903/Todo_App/services/todos/internal/domain/service/todo_updater.go:74.2,74.21 1 1
github.com/chienha0903/Todo_App/services/todos/internal/domain/service/todo_updater.go:74.21,76.17 2 1
github.com/chienha0903/Todo_App/services/todos/internal/domain/service/todo_updater.go:76.17,78.4 1 1
github.com/chienha0903/Todo_App/services/todos/internal/domain/service/todo_updater.go:81.2,81.23 1 1
github.com/chienha0903/Todo_App/services/todos/internal/domain/service/todo_updater.go:81.23,83.17 2 0
github.com/chienha0903/Todo_App/services/todos/internal/domain/service/todo_updater.go:83.17,85.4 1 0
github.com/chienha0903/Todo_App/services/todos/internal/domain/service/todo_updater.go:86.3,86.25 1 0
github.com/chienha0903/Todo_App/services/todos/internal/domain/service/todo_updater.go:89.2,89.12 1 1
